{
  message: 'Database is connected successfully',
  level: 'info',
  label: 'BU',
  timestamp: '2023-07-27T04:01:09.668Z'
}
{
  message: 'Database is connected successfully',
  level: 'info',
  label: 'BU',
  timestamp: '2023-07-27T04:01:38.340Z'
}
{
  message: 'Application is listening on port 5000',
  level: 'info',
  label: 'BU',
  timestamp: '2023-07-27T04:01:38.347Z'
}
{
  message: 'Database is connected successfully',
  level: 'info',
  label: 'BU',
  timestamp: '2023-07-27T04:03:08.374Z'
}
{
  message: 'Application is listening on port 5000',
  level: 'info',
  label: 'BU',
  timestamp: '2023-07-27T04:03:08.384Z'
}
{
  message: 'Database is connected successfully',
  level: 'info',
  label: 'BU',
  timestamp: '2023-07-27T04:12:51.597Z'
}
{
  message: 'Application is listening on port 5000',
  level: 'info',
  label: 'BU',
  timestamp: '2023-07-27T04:12:51.607Z'
}
{
  message: 'Database is connected successfully',
  level: 'info',
  label: 'BU',
  timestamp: '2023-07-27T04:12:58.207Z'
}
{
  message: 'Application is listening on port 5000',
  level: 'info',
  label: 'BU',
  timestamp: '2023-07-27T04:12:58.223Z'
}
{
  message: 'Database is connected successfully',
  level: 'info',
  label: 'BU',
  timestamp: '2023-07-27T04:15:09.040Z'
}
{
  message: 'Application is listening on port 5000',
  level: 'info',
  label: 'BU',
  timestamp: '2023-07-27T04:15:09.047Z'
}
{
  message: 'Database is connected successfully',
  level: 'info',
  label: 'BU',
  timestamp: '2023-07-27T04:15:20.450Z'
}
{
  message: 'Application is listening on port 5000',
  level: 'info',
  label: 'BU',
  timestamp: '2023-07-27T04:15:20.457Z'
}
{
  message: 'Database is connected successfully',
  level: 'info',
  label: 'BU',
  timestamp: '2023-07-27T04:31:25.557Z'
}
{
  message: 'Application is listening on port 5000',
  level: 'info',
  label: 'BU',
  timestamp: '2023-07-27T04:31:25.563Z'
}
{
  message: 'Database is connected successfully',
  level: 'info',
  label: 'BU',
  timestamp: '2023-07-27T04:31:44.746Z'
}
{
  message: 'Application is listening on port 5000',
  level: 'info',
  label: 'BU',
  timestamp: '2023-07-27T04:31:44.760Z'
}
{
  message: 'Database is connected successfully',
  level: 'info',
  label: 'BU',
  timestamp: '2023-07-27T04:33:16.380Z'
}
{
  message: 'Application is listening on port 5000',
  level: 'info',
  label: 'BU',
  timestamp: '2023-07-27T04:33:16.395Z'
}
{
  message: 'Database is connected successfully',
  level: 'info',
  label: 'BU',
  timestamp: '2023-07-27T04:34:03.441Z'
}
{
  message: 'Application is listening on port 5000',
  level: 'info',
  label: 'BU',
  timestamp: '2023-07-27T04:34:03.447Z'
}
{
  message: 'Database is connected successfully',
  level: 'info',
  label: 'BU',
  timestamp: '2023-07-27T04:34:34.726Z'
}
{
  message: 'Application is listening on port 5000',
  level: 'info',
  label: 'BU',
  timestamp: '2023-07-27T04:34:34.738Z'
}
{
  message: 'Database is connected successfully',
  level: 'info',
  label: 'BU',
  timestamp: '2023-07-27T04:35:20.544Z'
}
{
  message: 'Application is listening on port 5000',
  level: 'info',
  label: 'BU',
  timestamp: '2023-07-27T04:35:20.550Z'
}
{
  message: 'Database is connected successfully',
  level: 'info',
  label: 'BU',
  timestamp: '2023-07-27T04:39:57.942Z'
}
{
  message: 'Application is listening on port 5000',
  level: 'info',
  label: 'BU',
  timestamp: '2023-07-27T04:39:57.953Z'
}
{
  message: 'Database is connected successfully',
  level: 'info',
  label: 'BU',
  timestamp: '2023-07-27T04:45:35.227Z'
}
{
  message: 'Application is listening on port 5000',
  level: 'info',
  label: 'BU',
  timestamp: '2023-07-27T04:45:35.242Z'
}
{
  message: 'Database is connected successfully',
  level: 'info',
  label: 'BU',
  timestamp: '2023-07-27T04:47:42.721Z'
}
{
  message: 'Application is listening on port 5000',
  level: 'info',
  label: 'BU',
  timestamp: '2023-07-27T04:47:42.730Z'
}
{
  message: 'Database is connected successfully',
  level: 'info',
  label: 'BU',
  timestamp: '2023-07-27T04:49:33.767Z'
}
{
  message: 'Application is listening on port 5000',
  level: 'info',
  label: 'BU',
  timestamp: '2023-07-27T04:49:33.774Z'
}
{
  message: 'Database is connected successfully',
  level: 'info',
  label: 'BU',
  timestamp: '2023-07-27T04:52:37.198Z'
}
{
  message: 'Application is listening on port 5000',
  level: 'info',
  label: 'BU',
  timestamp: '2023-07-27T04:52:37.205Z'
}
{
  message: 'Database is connected successfully',
  level: 'info',
  label: 'BU',
  timestamp: '2023-07-27T04:52:48.016Z'
}
{
  message: 'Application is listening on port 5000',
  level: 'info',
  label: 'BU',
  timestamp: '2023-07-27T04:52:48.023Z'
}
{
  message: 'Database is connected successfully',
  level: 'info',
  label: 'BU',
  timestamp: '2023-07-27T04:54:24.525Z'
}
{
  message: 'Application is listening on port 5000',
  level: 'info',
  label: 'BU',
  timestamp: '2023-07-27T04:54:24.532Z'
}
{
  message: 'Database is connected successfully',
  level: 'info',
  label: 'BU',
  timestamp: '2023-07-27T04:54:30.213Z'
}
{
  message: 'Application is listening on port 5000',
  level: 'info',
  label: 'BU',
  timestamp: '2023-07-27T04:54:30.228Z'
}
