{
  message: 'Database is connected successfully',
  level: 'info',
  label: 'BU',
  timestamp: '2023-07-16T14:12:56.123Z'
}
{
  message: 'Application is listening on port 5000',
  level: 'info',
  label: 'BU',
  timestamp: '2023-07-16T14:12:56.139Z'
}
{
  message: 'Database is connected successfully',
  level: 'info',
  label: 'BU',
  timestamp: '2023-07-16T14:13:02.277Z'
}
{
  message: 'Application is listening on port 5000',
  level: 'info',
  label: 'BU',
  timestamp: '2023-07-16T14:13:02.283Z'
}
{
  message: 'Database is connected successfully',
  level: 'info',
  label: 'BU',
  timestamp: '2023-07-16T14:16:30.982Z'
}
{
  message: 'Application is listening on port 5000',
  level: 'info',
  label: 'BU',
  timestamp: '2023-07-16T14:16:30.994Z'
}
{
  message: 'Database is connected successfully',
  level: 'info',
  label: 'BU',
  timestamp: '2023-07-16T14:25:12.920Z'
}
{
  message: 'Application is listening on port 5000',
  level: 'info',
  label: 'BU',
  timestamp: '2023-07-16T14:25:12.926Z'
}
