{
  message: 'Database is connected successfully',
  level: 'info',
  label: 'BU',
  timestamp: '2023-07-14T00:19:49.761Z'
}
{
  message: 'Application is listening on port 5000',
  level: 'info',
  label: 'BU',
  timestamp: '2023-07-14T00:19:49.774Z'
}
{
  message: 'Database is connected successfully',
  level: 'info',
  label: 'BU',
  timestamp: '2023-07-14T00:21:55.288Z'
}
{
  message: 'Application is listening on port 5000',
  level: 'info',
  label: 'BU',
  timestamp: '2023-07-14T00:21:55.303Z'
}
{
  message: 'Database is connected successfully',
  level: 'info',
  label: 'BU',
  timestamp: '2023-07-14T00:22:44.175Z'
}
{
  message: 'Application is listening on port 5000',
  level: 'info',
  label: 'BU',
  timestamp: '2023-07-14T00:22:44.182Z'
}
{
  message: 'Database is connected successfully',
  level: 'info',
  label: 'BU',
  timestamp: '2023-07-14T00:24:03.578Z'
}
{
  message: 'Application is listening on port 5000',
  level: 'info',
  label: 'BU',
  timestamp: '2023-07-14T00:24:03.584Z'
}
{
  message: 'Database is connected successfully',
  level: 'info',
  label: 'BU',
  timestamp: '2023-07-14T00:29:03.994Z'
}
{
  message: 'Application is listening on port 5000',
  level: 'info',
  label: 'BU',
  timestamp: '2023-07-14T00:29:04.003Z'
}
{
  message: 'Database is connected successfully',
  level: 'info',
  label: 'BU',
  timestamp: '2023-07-14T00:30:22.234Z'
}
{
  message: 'Application is listening on port 5000',
  level: 'info',
  label: 'BU',
  timestamp: '2023-07-14T00:30:22.240Z'
}
{
  message: 'Database is connected successfully',
  level: 'info',
  label: 'BU',
  timestamp: '2023-07-14T00:32:04.070Z'
}
{
  message: 'Application is listening on port 5000',
  level: 'info',
  label: 'BU',
  timestamp: '2023-07-14T00:32:04.079Z'
}
{
  message: 'Database is connected successfully',
  level: 'info',
  label: 'BU',
  timestamp: '2023-07-14T00:53:40.696Z'
}
{
  message: 'Application is listening on port 5000',
  level: 'info',
  label: 'BU',
  timestamp: '2023-07-14T00:53:40.703Z'
}
