{
  message: 'Database is connected successfully',
  level: 'info',
  label: 'BU',
  timestamp: '2023-07-23T14:36:48.603Z'
}
{
  message: 'Application is listening on port 5000',
  level: 'info',
  label: 'BU',
  timestamp: '2023-07-23T14:36:48.610Z'
}
{
  message: 'Database is connected successfully',
  level: 'info',
  label: 'BU',
  timestamp: '2023-07-23T14:44:04.432Z'
}
{
  message: 'Application is listening on port 5000',
  level: 'info',
  label: 'BU',
  timestamp: '2023-07-23T14:44:04.439Z'
}
{
  message: 'Database is connected successfully',
  level: 'info',
  label: 'BU',
  timestamp: '2023-07-23T14:44:28.460Z'
}
{
  message: 'Application is listening on port 5000',
  level: 'info',
  label: 'BU',
  timestamp: '2023-07-23T14:44:28.473Z'
}
{
  message: 'Database is connected successfully',
  level: 'info',
  label: 'BU',
  timestamp: '2023-07-23T14:46:47.427Z'
}
{
  message: 'Application is listening on port 5000',
  level: 'info',
  label: 'BU',
  timestamp: '2023-07-23T14:46:47.434Z'
}
{
  message: 'Database is connected successfully',
  level: 'info',
  label: 'BU',
  timestamp: '2023-07-23T14:49:38.107Z'
}
{
  message: 'Application is listening on port 5000',
  level: 'info',
  label: 'BU',
  timestamp: '2023-07-23T14:49:38.116Z'
}
{
  message: 'Database is connected successfully',
  level: 'info',
  label: 'BU',
  timestamp: '2023-07-23T14:52:28.067Z'
}
{
  message: 'Application is listening on port 5000',
  level: 'info',
  label: 'BU',
  timestamp: '2023-07-23T14:52:28.082Z'
}
{
  message: 'Database is connected successfully',
  level: 'info',
  label: 'BU',
  timestamp: '2023-07-23T14:53:07.140Z'
}
{
  message: 'Application is listening on port 5000',
  level: 'info',
  label: 'BU',
  timestamp: '2023-07-23T14:53:07.147Z'
}
