{
  message: 'Database is connected successfully',
  level: 'info',
  label: 'BU',
  timestamp: '2023-07-22T13:05:17.188Z'
}
{
  message: 'Application is listening on port 5000',
  level: 'info',
  label: 'BU',
  timestamp: '2023-07-22T13:05:17.195Z'
}
{
  message: 'Database is connected successfully',
  level: 'info',
  label: 'BU',
  timestamp: '2023-07-22T13:07:20.965Z'
}
{
  message: 'Application is listening on port 5000',
  level: 'info',
  label: 'BU',
  timestamp: '2023-07-22T13:07:20.981Z'
}
{
  message: 'Database is connected successfully',
  level: 'info',
  label: 'BU',
  timestamp: '2023-07-22T13:07:37.891Z'
}
{
  message: 'Application is listening on port 5000',
  level: 'info',
  label: 'BU',
  timestamp: '2023-07-22T13:07:37.900Z'
}
{
  message: 'Database is connected successfully',
  level: 'info',
  label: 'BU',
  timestamp: '2023-07-22T13:09:08.625Z'
}
{
  message: 'Application is listening on port 5000',
  level: 'info',
  label: 'BU',
  timestamp: '2023-07-22T13:09:08.632Z'
}
{
  message: 'Database is connected successfully',
  level: 'info',
  label: 'BU',
  timestamp: '2023-07-22T13:12:16.658Z'
}
{
  message: 'Application is listening on port 5000',
  level: 'info',
  label: 'BU',
  timestamp: '2023-07-22T13:12:16.667Z'
}
{
  message: 'Database is connected successfully',
  level: 'info',
  label: 'BU',
  timestamp: '2023-07-22T13:13:36.261Z'
}
{
  message: 'Application is listening on port 5000',
  level: 'info',
  label: 'BU',
  timestamp: '2023-07-22T13:13:36.270Z'
}
{
  message: 'Database is connected successfully',
  level: 'info',
  label: 'BU',
  timestamp: '2023-07-22T13:41:18.498Z'
}
{
  message: 'Application is listening on port 5000',
  level: 'info',
  label: 'BU',
  timestamp: '2023-07-22T13:41:18.514Z'
}
