{
  errors: {
    role: ValidatorError: Path `role` is required.
        at validate (E:\NextLevelWebDevelopment\UniversityManagementApp\university-management-auth-service\node_modules\mongoose\lib\schematype.js:1349:13)
        at SchemaString.SchemaType.doValidate (E:\NextLevelWebDevelopment\UniversityManagementApp\university-management-auth-service\node_modules\mongoose\lib\schematype.js:1333:7)
        at E:\NextLevelWebDevelopment\UniversityManagementApp\university-management-auth-service\node_modules\mongoose\lib\document.js:2932:18
        at processTicksAndRejections (node:internal/process/task_queues:77:11) {
      properties: {
        validator: [Function (anonymous)],
        message: 'Path `role` is required.',
        type: 'required',
        path: 'role',
        value: undefined
      },
      kind: 'required',
      path: 'role',
      value: undefined,
      reason: undefined,
      [Symbol(mongoose:validatorError)]: true
    }
  },
  _message: 'User validation failed',
  level: 'error',
  label: 'BU',
  timestamp: '2023-07-13T17:44:02.041Z'
}
{
  errors: {
    role: ValidatorError: Path `role` is required.
        at validate (E:\NextLevelWebDevelopment\UniversityManagementApp\university-management-auth-service\node_modules\mongoose\lib\schematype.js:1349:13)
        at SchemaString.SchemaType.doValidate (E:\NextLevelWebDevelopment\UniversityManagementApp\university-management-auth-service\node_modules\mongoose\lib\schematype.js:1333:7)
        at E:\NextLevelWebDevelopment\UniversityManagementApp\university-management-auth-service\node_modules\mongoose\lib\document.js:2932:18
        at processTicksAndRejections (node:internal/process/task_queues:77:11) {
      properties: {
        validator: [Function (anonymous)],
        message: 'Path `role` is required.',
        type: 'required',
        path: 'role',
        value: undefined
      },
      kind: 'required',
      path: 'role',
      value: undefined,
      reason: undefined,
      [Symbol(mongoose:validatorError)]: true
    }
  },
  _message: 'User validation failed',
  level: 'error',
  label: 'BU',
  timestamp: '2023-07-13T17:46:09.349Z'
}
