{"level":"info","message":"Database is connected successfully"}
{"level":"info","message":"Application is listening on port 5000"}
{"level":"info","message":"Database is connected successfully"}
{"level":"info","message":"Application is listening on port 5000"}
{"level":"info","message":"Database is connected successfully"}
{"level":"info","message":"Application is listening on port 5000"}
{"level":"info","message":"Database is connected successfully"}
{"level":"info","message":"Application is listening on port 5000"}
{"level":"info","message":"Database is connected successfully"}
{"level":"info","message":"Application is listening on port 5000"}
{"level":"info","message":"Database is connected successfully"}
{"level":"info","message":"Application is listening on port 5000"}
{"level":"info","message":"Database is connected successfully"}
{"level":"info","message":"Application is listening on port 5000"}
2023-07-13T03:15:06.754Z [right meow!] info: Database is connected successfully
2023-07-13T03:15:06.760Z [right meow!] info: Application is listening on port 5000
Thu Jul 13 2023 9:28:43 [BU] info: Database is connected successfully
Thu Jul 13 2023 9:28:43 [BU] info: Application is listening on port 5000
Thu Jul 13 2023 9:29:29 [BU] info: Database is connected successfully
Thu Jul 13 2023 9:29:29 [BU] info: Application is listening on port 5000
{
  message: 'Database is connected successfully',
  level: 'info',
  label: 'BU',
  timestamp: '2023-07-13T03:30:48.378Z'
}
{
  message: 'Application is listening on port 5000',
  level: 'info',
  label: 'BU',
  timestamp: '2023-07-13T03:30:48.386Z'
}
{
  message: 'Database is connected successfully',
  level: 'info',
  label: 'BU',
  timestamp: '2023-07-13T03:31:49.638Z'
}
{
  message: 'Application is listening on port 5000',
  level: 'info',
  label: 'BU',
  timestamp: '2023-07-13T03:31:49.655Z'
}
